0 info it worked if it ends with ok
1 verbose cli [ 'G:\\PortableApps\\nodejs2\\\\node.exe',
1 verbose cli   'G:\\PortableApps\\nodejs2\\node_modules\\npm\\bin\\npm-cli.js',
1 verbose cli   'install',
1 verbose cli   'git://github.com/eterna2/Node-MapReduce.git' ]
2 info using npm@1.4.14
3 info using node@v0.10.28
4 verbose node symlink G:\PortableApps\nodejs2\\node.exe
5 error Failed to parse json
5 error Unexpected string
6 error File: G:\PortableApps\GitPortable\App\Git\projects\Node-MapReduce\package.json
7 error Failed to parse package.json data.
7 error package.json must be actual JSON, not just JavaScript.
7 error
7 error This is not a bug in npm.
7 error Tell the package author to fix their package.json file. JSON.parse
8 error System Windows_NT 6.2.9200
9 error command "G:\\PortableApps\\nodejs2\\\\node.exe" "G:\\PortableApps\\nodejs2\\node_modules\\npm\\bin\\npm-cli.js" "install" "git://github.com/eterna2/Node-MapReduce.git"
10 error cwd G:\PortableApps\GitPortable\App\Git\projects\Node-MapReduce\examples
11 error node -v v0.10.28
12 error npm -v 1.4.14
13 error file G:\PortableApps\GitPortable\App\Git\projects\Node-MapReduce\package.json
14 error code EJSONPARSE
15 verbose exit [ 1, true ]
