0 info it worked if it ends with ok
1 verbose cli [ 'G:\\PortableApps\\nodejs2\\\\node.exe',
1 verbose cli   'G:\\PortableApps\\nodejs2\\node_modules\\npm\\bin\\npm-cli.js',
1 verbose cli   'install',
1 verbose cli   'http://github.com/eterna2/Node-MapReduce/tree/master/source' ]
2 info using npm@1.4.14
3 info using node@v0.10.28
4 verbose node symlink G:\PortableApps\nodejs2\\node.exe
5 error Error: Invalid version: "0.1"
5 error     at Object.module.exports.fixVersionField (G:\PortableApps\nodejs2\node_modules\npm\node_modules\read-package-json\node_modules\normalize-package-data\lib\fixer.js:183:13)
5 error     at G:\PortableApps\nodejs2\node_modules\npm\node_modules\read-package-json\node_modules\normalize-package-data\lib\normalize.js:30:38
5 error     at Array.forEach (native)
5 error     at normalize (G:\PortableApps\nodejs2\node_modules\npm\node_modules\read-package-json\node_modules\normalize-package-data\lib\normalize.js:29:15)
5 error     at final (G:\PortableApps\nodejs2\node_modules\npm\node_modules\read-package-json\read-json.js:342:33)
5 error     at then (G:\PortableApps\nodejs2\node_modules\npm\node_modules\read-package-json\read-json.js:126:33)
5 error     at G:\PortableApps\nodejs2\node_modules\npm\node_modules\read-package-json\read-json.js:240:59
5 error     at Glob.<anonymous> (G:\PortableApps\nodejs2\node_modules\npm\node_modules\glob\glob.js:96:7)
5 error     at Glob.EventEmitter.emit (events.js:95:17)
5 error     at Glob.next (G:\PortableApps\nodejs2\node_modules\npm\node_modules\glob\glob.js:343:12)
6 error If you need help, you may report this *entire* log,
6 error including the npm and node versions, at:
6 error     <http://github.com/npm/npm/issues>
7 error System Windows_NT 6.2.9200
8 error command "G:\\PortableApps\\nodejs2\\\\node.exe" "G:\\PortableApps\\nodejs2\\node_modules\\npm\\bin\\npm-cli.js" "install" "http://github.com/eterna2/Node-MapReduce/tree/master/source"
9 error cwd G:\PortableApps\GitPortable\App\Git\projects\Node-MapReduce\source
10 error node -v v0.10.28
11 error npm -v 1.4.14
12 verbose exit [ 1, true ]
